success compile gatsby files - 0.517s

[2K[1A[2K[Gsuccess load gatsby config - 0.028s

[2K[1A[2K[Gwarn "tracedSVG" plugin option for "gatsby-remark-images" is no longer
supported. Blurred placeholder will be used. See
https://gatsby.dev/tracesvg-removal/

[2K[1A[2K[Gsuccess load plugins - 0.599s

[2K[1A[2K[Gwarn gatsby-plugin-react-helmet: Gatsby now has built-in support for modifying
the document head. Learn more at https://gatsby.dev/gatsby-head

[2K[1A[2K[Gsuccess onPreInit - 0.006s

[2K[1A[2K[Gsuccess delete worker cache from previous builds - 0.003s

[2K[1A[2K[Ginfo One or more of your plugins have changed since the last time you ran
Gatsby. As
a precaution, we're deleting your site's cache to ensure there's no stale data.

[2K[1A[2K[Gsuccess initialize cache - 0.088s

[2K[1A[2K[Gsuccess copy gatsby files - 0.064s

[2K[1A[2K[Gsuccess Compiling Gatsby Functions - 0.163s

[2K[1A[2K[Gsuccess onPreBootstrap - 0.174s

[2K[1A[2K[Gsuccess createSchemaCustomization - 0.008s

[2K[1A[2K[Gsuccess Clean up stale nodes - 0.041s - 0/0 0.00/s

[2K[1A[2K[Gsuccess Checking for changed pages - 0.003s

[2K[1A[2K[Gsuccess source and transform nodes - 0.545s

[2K[1A[2K[Ginfo Writing GraphQL type definitions to
/Users/manu/manuellang.de/.cache/schema.gql

[2K[1A[2K[Gsuccess building schema - 0.451s

[2K[1A[2K[Gsuccess createPages - 0.038s

[2K[1A[2K[Gsuccess createPagesStatefully - 0.154s

[2K[1A[2K[Ginfo Total nodes: 200, SitePage nodes: 13 (use --verbose for breakdown)

[2K[1A[2K[Gsuccess Checking for changed pages - 0.000s

[2K[1A[2K[Gsuccess Cleaning up stale page-data - 0.002s

[2K[1A[2K[Gsuccess onPreExtractQueries - 0.000s

[2K[1A[2K[Gsuccess extract queries from components - 2.008s

[2K[1A[2K[Gsuccess write out redirect data - 0.003s

[2K[1A[2K[Gwarn The icon(src/images/logo.png) you provided to 'gatsby-plugin-manifest' is
not square.
The icons we generate will be square and for the best results we recommend you
provide a square icon.


[2K[1A[2K[Gsuccess Build manifest and related icons - 0.220s

[2K[1A[2K[Gsuccess onPostBootstrap - 0.235s

[2K[1A[2K[Ginfo bootstrap finished - 7.127s

[2K[1A[2K[Gsuccess write out requires - 0.004s

[2K[1A[2K[Gwarn ./src/components/loader.js
Attempted import error: 'setDashoffset' is not exported from 'animejs' (imported
 as 'setDashoffset').

[2K[1A[2K[Gsuccess Building production JavaScript and CSS bundles - 4.688s

[2K[1A[2K[Gsuccess Building HTML renderer - 5.987s

[2K[1A[2K[Gsuccess Execute page configs - 0.028s

[2K[1A[2K[Gsuccess Caching Webpack compilations - 0.000s

[2K[1A[2K[Gsuccess run queries in workers - 0.209s - 17/17 81.49/s

[2K[1A[2K[Gsuccess Merge worker state - 0.001s

[2K[1A[2K[Gsuccess Rewriting compilation hashes - 0.005s

[2K[1A[2K[Gsuccess Writing page-data.json and slice-data.json files to public directory -
0.015s - 13/13 862.25/s

[2K[1A[2K[G
 ERROR  UNKNOWN

Truncated page data information for the failed page
"/pensieve/clickable-cards/": {
  "errors": {},
  "path": "/pensieve/clickable-cards/",
  "slicesMap": {},
  "pageContext": {}
}


[2K[1A[2K[Gfailed Building static HTML for pages - 1.705s

[2K[1A[2K[G
 ERROR #95313  HTML.COMPILATION

Building static HTML failed for path "/pensieve/clickable-cards/"

See our docs page for more info on this error: https://gatsby.dev/debug-html


[2K[1A[2K[G
  342 |
  343 | 	if (this[INTERNALS].disturbed) {
> 344 | 		return Body.Promise.reject(new TypeError(`body used already for:
${this.url}`));
      |
    ^
  345 | 	}
  346 |
  347 | 	this[INTERNALS].disturbed = true;

[0m
[0m  [0m[97m[41mWebpackError[0m[37m[41m:[0m[37m[41m [0m[97m[41mTypeError: Cannot destructure property 'frontmatter' of 'data.ma[0m
  [0m[97m[41mrkdownRemark' as it is null.[0m
[0m  [0m
[0m  [0m[90m-[0m [0m[93mindex.js[0m[90m:[0m[93m344[0m[37m [0m
[0m  [0m  [0m[90m[manuellang.de]/[node-fetch]/lib/index.js:344:79[0m
[0m  [0m
[0m  [0m[90m-[0m [0m[93mreact-dom.production.min.js[0m[90m:[0m[93m4[0m[37m [0m
[0m  [0m  [0m[90m[manuellang.de]/[react-dom]/cjs/react-dom.production.min.js:4:1[0m
[0m  [0m
[0m  [0m[90m-[0m [0m[93mreact-dom.production.min.js[0m[90m:[0m[93m6[0m[37m [0m
[0m  [0m  [0m[90m[manuellang.de]/[react-dom]/cjs/react-dom.production.min.js:6:1[0m
[0m  [0m
[0m  [0m[90m-[0m [0m[93mreact-dom.production.min.js[0m[90m:[0m[93m12[0m[37m [0m
[0m  [0m  [0m[90m[manuellang.de]/[react-dom]/cjs/react-dom.production.min.js:12:1[0m
[0m  [0m
[0m  [0m[90m-[0m [0m[93mreact-dom.production.min.js[0m[90m:[0m[93m4[0m[37m [0m
[0m  [0m  [0m[90m[manuellang.de]/[react-dom]/cjs/react-dom.production.min.js:4:1[0m
[0m  [0m
[0m  [0m[90m-[0m [0m[93mreact-dom.production.min.js[0m[90m:[0m[93m6[0m[37m [0m
[0m  [0m  [0m[90m[manuellang.de]/[react-dom]/cjs/react-dom.production.min.js:6:1[0m
[0m  [0m
[0m  [0m[90m-[0m [0m[93mreact-dom.production.min.js[0m[90m:[0m[93m12[0m[37m [0m
[0m  [0m  [0m[90m[manuellang.de]/[react-dom]/cjs/react-dom.production.min.js:12:1[0m
[0m  [0m
[0m  [0m[90m-[0m [0m[93mreact-dom.production.min.js[0m[90m:[0m[93m15[0m[37m [0m
[0m  [0m  [0m[90m[manuellang.de]/[react-dom]/cjs/react-dom.production.min.js:15:1[0m
[0m  [0m
[0m  [0m[90m-[0m [0m[93mreact-dom.production.min.js[0m[90m:[0m[93m7[0m[37m [0m
[0m  [0m  [0m[90m[manuellang.de]/[react-dom]/cjs/react-dom.production.min.js:7:1[0m
[0m  [0m
[0m  [0m[90m-[0m [0m[93mreact-dom.production.min.js[0m[90m:[0m[93m12[0m[37m [0m
[0m  [0m  [0m[90m[manuellang.de]/[react-dom]/cjs/react-dom.production.min.js:12:1[0m
[0m  [0m
[0m  [0m[90m-[0m [0m[93mreact-dom.production.min.js[0m[90m:[0m[93m6[0m[37m [0m
[0m  [0m  [0m[90m[manuellang.de]/[react-dom]/cjs/react-dom.production.min.js:6:1[0m
[0m  [0m
[0m  [0m[90m-[0m [0m[93mreact-dom.production.min.js[0m[90m:[0m[93m12[0m[37m [0m
[0m  [0m  [0m[90m[manuellang.de]/[react-dom]/cjs/react-dom.production.min.js:12:1[0m
[0m  [0m
[0m  [0m[90m-[0m [0m[93mreact-dom.production.min.js[0m[90m:[0m[93m6[0m[37m [0m
[0m  [0m  [0m[90m[manuellang.de]/[react-dom]/cjs/react-dom.production.min.js:6:1[0m
[0m  [0m
[0m  [0m[90m-[0m [0m[93mreact-dom.production.min.js[0m[90m:[0m[93m12[0m[37m [0m
[0m  [0m  [0m[90m[manuellang.de]/[react-dom]/cjs/react-dom.production.min.js:12:1[0m
[0m  [0m
[0m  [0m[90m-[0m [0m[93mreact-dom.production.min.js[0m[90m:[0m[93m10[0m[37m [0m
[0m  [0m  [0m[90m[manuellang.de]/[react-dom]/cjs/react-dom.production.min.js:10:1[0m
[0m  [0m
[0m  [0m[90m-[0m [0m[93mreact-dom.production.min.js[0m[90m:[0m[93m12[0m[37m [0m
[0m  [0m  [0m[90m[manuellang.de]/[react-dom]/cjs/react-dom.production.min.js:12:1[0m
[0m  [0m
[0m

